C51 COMPILER V9.03   AT24C02                                                               04/10/2004 18:10:09 PAGE 1   


C51 COMPILER V9.03, COMPILATION OF MODULE AT24C02
OBJECT MODULE PLACED IN .\output\AT24C02.obj
COMPILER INVOKED BY: C:\Keil\C51\BIN\C51.EXE src\AT24C02.c BROWSE DEBUG OBJECTEXTEND PRINT(.\output\AT24C02.lst) OBJECT(
                    -.\output\AT24C02.obj)

line level    source

   1          //隋景峰 AT24C02 驱动
   2          #include<reg52.h> 
   3          #include<intrins.h>
   4          #include"MacroAndConst.h"
   5          #include"AT24c02.h"
   6          #define NOP()   _nop_() 
   7          ///////////// 
   8          sbit SDA=P2^0;
   9          sbit SCL=P2^1;
  10          /////////////
  11          
  12          static uchar datatable[8]={0};
  13          
  14          static void At24c02Start()
  15          {
  16   1              AT24C02_SDA=1;
  17   1              NOP();
  18   1          AT24C02_SCL=1;
  19   1              NOP();NOP();NOP();NOP();NOP();
  20   1              AT24C02_SDA=0;
  21   1              NOP();NOP();NOP();NOP();NOP();
  22   1              AT24C02_SCL=0;
  23   1              NOP();NOP();
  24   1      }
  25          
  26          static void At24c02Stop()
  27          {
  28   1              AT24C02_SDA=0;
  29   1              NOP();NOP();
  30   1              AT24C02_SCL=1;
  31   1              NOP();NOP();
  32   1              AT24C02_SDA=1;
  33   1              NOP();NOP();
  34   1      }
  35          
  36          static void At24c02Acknowledge()
  37          {
  38   1              uchar AckVar=0;
  39   1              AT24C02_SCL=1;
  40   1              NOP();NOP();
  41   1      
  42   1              while((AT24C02_SDA==1)&&((++AckVar)<250));
  43   1              
  44   1              AT24C02_SCL=0;
  45   1              NOP();NOP();
  46   1      }
  47          
  48          static void At24c02WriteStatus(uchar dat)
  49          {
  50   1              uchar i=0;
  51   1              for(i=0;i<8;i++)
  52   1              {
  53   2                      AT24C02_SCL=0;
  54   2                      NOP();NOP();NOP();NOP();
C51 COMPILER V9.03   AT24C02                                                               04/10/2004 18:10:09 PAGE 2   

  55   2                      AT24C02_SDA=(bit)(dat&0x80);
  56   2                      NOP();NOP();NOP();NOP();
  57   2                      AT24C02_SCL=1;
  58   2                      NOP();NOP();NOP();NOP();
  59   2                      dat<<=1;
  60   2              }
  61   1      
  62   1              AT24C02_SCL=0;
  63   1              NOP();NOP();
  64   1              AT24C02_SDA=1;//写完之后释放sda,等待应答；
  65   1              NOP();NOP();
  66   1      }
  67          /////////////////////////////////
  68          
  69          void delay_5us()
  70          {
  71   1              _nop_();_nop_();
  72   1      }
  73          
  74          void start()
  75          {
  76   1              SDA=1;
  77   1          SCL=1;
  78   1              delay_5us();
  79   1              SDA=0;
  80   1              delay_5us();
  81   1      }
  82          
  83          
  84          void stop()
  85          {
  86   1              SDA=0;
  87   1              SCL=1;
  88   1              delay_5us();
  89   1              SDA=1;
  90   1              delay_5us();
  91   1      }
  92          
  93          
  94          void acknowledge()
  95          {
  96   1              uchar flag=0;
  97   1              SCL=1;
  98   1              delay_5us();
  99   1              
 100   1              while((1==SDA)&&(++flag)<255);//acknowledge
 101   1                      
 102   1              SCL=0;
 103   1              delay_5us();
 104   1      }
 105          
 106          
 107          void write(uchar dat)
 108          {
 109   1              uchar i=0,temp;
 110   1              temp=dat;
 111   1              EA=0;
 112   1              for(i=0;i<8;i++)
 113   1              {
 114   2                      SCL=0;
 115   2                      temp<<=1;
 116   2                      delay_5us();
C51 COMPILER V9.03   AT24C02                                                               04/10/2004 18:10:09 PAGE 3   

 117   2                      SDA=CY;
 118   2                      delay_5us();
 119   2                      SCL=1;
 120   2                      delay_5us();
 121   2              }
 122   1              SCL=0;
 123   1              delay_5us();
 124   1              SDA=1;//写完之后释放sda
 125   1              delay_5us();
 126   1              EA=1;
 127   1      }
 128          uchar read()
 129          {
 130   1              uchar i,dat=0;
 131   1              EA=0;
 132   1              SCL=0;
 133   1              delay_5us();
 134   1              SDA=1;
 135   1              delay_5us();
 136   1      
 137   1              for(i=0;i<8;i++)
 138   1              {
 139   2                      SCL=1;
 140   2                      delay_5us();
 141   2                      dat=(dat<<1)|SDA;
 142   2                      SCL=0;
 143   2                      delay_5us();
 144   2              }
 145   1              EA=1;
 146   1              return dat;
 147   1      }
 148          
 149          uchar read_word(uchar address)
 150          {
 151   1               uchar dat;
 152   1               EA=0;
 153   1               start();
 154   1               write(0xa0);
 155   1               acknowledge();
 156   1               write(address);
 157   1               acknowledge();
 158   1               start();
 159   1               write(0xa1);
 160   1               acknowledge();
 161   1               dat=read();
 162   1               stop();
 163   1               EA=1;
 164   1               return dat;
 165   1      } 
 166          
 167          void write_word(uchar address,uchar dat)
 168          {
 169   1              EA=0;
 170   1              start();
 171   1              write(0xa0);
 172   1              acknowledge();
 173   1              write(address);
 174   1              acknowledge();
 175   1              write(dat);
 176   1              acknowledge();
 177   1              stop();
 178   1              delay_5us();
C51 COMPILER V9.03   AT24C02                                                               04/10/2004 18:10:09 PAGE 4   

 179   1              EA=1;
 180   1      }
 181          
 182          //////////////////////////
 183          static unsigned char At24c02ReadStatus(void)
 184          {
 185   1              unsigned char dat=0;
 186   1              unsigned char j=0;
 187   1      
 188   1              AT24C02_SCL=0;
 189   1              NOP();NOP();NOP();NOP();
 190   1              AT24C02_SDA=1;
 191   1              NOP();NOP();NOP();NOP();
 192   1      
 193   1              for(j=0;j<8;j++)
 194   1              {
 195   2                      dat<<=1;
 196   2                      if(1==AT24C02_SDA)
 197   2                      {
 198   3                              dat|=0x01;
 199   3                      }
 200   2      
 201   2                      AT24C02_SCL=1;
 202   2                      NOP();NOP();NOP();NOP();
 203   2                      AT24C02_SCL=0;
 204   2                      NOP();NOP();NOP();NOP();
 205   2              }
 206   1              return dat;
 207   1      }
 208          
 209          void At24c02ByteWrite(uchar address,uchar content)
 210          {
 211   1              At24c02Start();
 212   1      
 213   1              At24c02WriteStatus(0xa0);//Device Address hardware:A0=A1=A2=WP=GND;
 214   1              At24c02Acknowledge();
 215   1              
 216   1              At24c02WriteStatus(address);
 217   1              At24c02Acknowledge();
 218   1              
 219   1              At24c02WriteStatus(content);
 220   1              At24c02Acknowledge();
 221   1      
 222   1              At24c02Stop();
 223   1              delay_5us();
 224   1      }
 225          /*
 226          void At24c02PageWrite(uchar address,uchar *pData)
 227          {
 228                  unsigned char number=0;
 229                  At24c02Start();
 230                  At24c02WriteStatus(0xa0);//Device Address hardware:A0=A1=A2=WP=GND;
 231                  At24c02Acknowledge();
 232          
 233                  At24c02WriteStatus(address);
 234                  At24c02Acknowledge();
 235                  for(;*pData!='\0';pData++)
 236                  {
 237                          At24c02WriteStatus(*pData);
 238                          At24c02Acknowledge();
 239                  }
 240                  At24c02Stop();
C51 COMPILER V9.03   AT24C02                                                               04/10/2004 18:10:09 PAGE 5   

 241          }
 242          
 243          unsigned char At24c02CurrentRead(void)
 244          {
 245                  uchar value;
 246                  At24c02Start();
 247          
 248                  At24c02WriteStatus(0xa1);//Device Address
 249                  At24c02Acknowledge();
 250          
 251                  value=At24c02ReadStatus();
 252                  At24c02Stop();
 253                  return value;
 254          }
 255          */
 256          unsigned char At24c02RandomRead(unsigned char address)
 257          {
 258   1              uchar value;
 259   1              At24c02Start();
 260   1      
 261   1              At24c02WriteStatus(0xa0);//Device Address
 262   1              At24c02Acknowledge();
 263   1              At24c02WriteStatus(address);
 264   1              At24c02Acknowledge();
 265   1              
 266   1              At24c02Start();
 267   1              At24c02WriteStatus(0xa1);//Device Address
 268   1              At24c02Acknowledge();
 269   1              value=At24c02ReadStatus();
 270   1              At24c02Stop();
 271   1      
 272   1              return value;
 273   1      } 
 274          /*
 275          void At24c02SequentialRead(unsigned char *pD)
 276          {
 277                  uchar k=0;
 278          
 279                  At24c02Start();
 280                  At24c02WriteStatus(0xa1);//Device Address
 281                  At24c02Acknowledge();
 282          
 283                  for(k=0;k<8;k++)
 284                  {
 285                          At24c02Acknowledge();
 286                          datatable[k]=At24c02ReadStatus();
 287                  }
 288                  At24c02Stop();
 289                  pD=datatable;   
 290          }
 291          */


MODULE INFORMATION:   STATIC OVERLAYABLE
   CODE SIZE        =    396    ----
   CONSTANT SIZE    =   ----    ----
   XDATA SIZE       =   ----    ----
   PDATA SIZE       =   ----    ----
   DATA SIZE        =      8    ----
   IDATA SIZE       =   ----    ----
   BIT SIZE         =   ----    ----
END OF MODULE INFORMATION.

C51 COMPILER V9.03   AT24C02                                                               04/10/2004 18:10:09 PAGE 6   


C51 COMPILATION COMPLETE.  0 WARNING(S),  0 ERROR(S)
