C51 COMPILER V9.00   BUZZER                                                                07/23/2014 19:54:01 PAGE 1   


C51 COMPILER V9.00, COMPILATION OF MODULE BUZZER
OBJECT MODULE PLACED IN .\output\buzzer.obj
COMPILER INVOKED BY: C:\Keil\C51\BIN\C51.EXE src\buzzer.c BROWSE DEBUG OBJECTEXTEND PRINT(.\output\buzzer.lst) OBJECT(.\
                    -output\buzzer.obj)

line level    source

   1          #include<reg52.h>
   2          #include"delay.h"
   3          
   4          #define ACTIVE_BUZZER
   5          
   6          sbit buzzer=P3^7;
   7          
   8          bit BuzzerFlag=0;
   9          
  10          unsigned char BuzzerTime[9]={1,2,'-',3,4,'-',5,6,' '};//闹钟
  11          
  12          void BuzzerOn()
  13          {
  14   1              buzzer=~buzzer;
  15   1      }
  16          
  17          void BuzzerOff()
  18          {
  19   1              buzzer=1;
  20   1      }
  21          
  22          /* 
  23          void BuzzerPlay()
  24          {
  25                  BuzzerOn();
  26                  DelayUs(250);
  27                  DelayUs(250);
  28                  DelayUs(250);
  29                  DelayUs(250);
  30                  //BuzzerOff();
  31          }
  32          
  33          void BuzzerPlay(void)
  34          {
  35                  unsigned char i,j;
  36                  for(i=0;i<16;i++)
  37                  {
  38                          for(j=0;j<100;j++)
  39                          {
  40                                  buzzer=0;
  41                          //      delay8us(tone1[song[i]]);
  42                                  buzzer=1;
  43                          //      delay8us(tone1[song[i]]);
  44                          }
  45                  }
  46          }
  47          
  48          void BeepPlay(void)
  49          {
  50                  unsigned char i,j,k;
  51                  for(i=0;i<3;i++)
  52                  {
  53                          for(j=0;j<12;j++)
  54                          {
C51 COMPILER V9.00   BUZZER                                                                07/23/2014 19:54:01 PAGE 2   

  55                                  for(k=0;k<100;k++)
  56                                  {
  57                                          beep=0;
  58                                          delay8us(tone[i][j]);
  59                                          beep=1;
  60                                          delay8us(tone[i][j]);
  61                                  }
  62                           }
  63                  }
  64          } 
  65          
  66           //整点报时，还没完成//
  67          void BellOnTime()
  68          {
  69                  if((CurrentTime.Minute==0x00)&&(CurrentTime.Second==0x00)
  70                  &&((10*LedDisBuffer[0]+LedDisBuffer[1])<=20)&&((10*LedDisBuffer[0]+LedDisBuffer[1])>=8))
  71                  {
  72                          BuzzerOn();
  73                  }
  74                  else
  75                          BuzzerOff();
  76          }
  77          */


MODULE INFORMATION:   STATIC OVERLAYABLE
   CODE SIZE        =      6    ----
   CONSTANT SIZE    =   ----    ----
   XDATA SIZE       =   ----    ----
   PDATA SIZE       =   ----    ----
   DATA SIZE        =      9    ----
   IDATA SIZE       =   ----    ----
   BIT SIZE         =      1    ----
END OF MODULE INFORMATION.


C51 COMPILATION COMPLETE.  0 WARNING(S),  0 ERROR(S)
