C51 COMPILER V9.00   DELAY                                                                 07/23/2014 19:54:01 PAGE 1   


C51 COMPILER V9.00, COMPILATION OF MODULE DELAY
OBJECT MODULE PLACED IN .\output\delay.obj
COMPILER INVOKED BY: C:\Keil\C51\BIN\C51.EXE src\delay.c BROWSE DEBUG OBJECTEXTEND PRINT(.\output\delay.lst) OBJECT(.\ou
                    -tput\delay.obj)

line level    source

   1          #include"MacroAndConst.h"
   2          
   3          /*
   4          void DelayMs(unsigned int ms)
   5          {
   6                  unsigned char i;
   7                  while(ms--)
   8                  for(i=122;i>0;i--)
   9                  ;
  10          }
  11          */
  12          void DelayUs(unsigned char us)
  13          {
  14   1              while(us--);
  15   1      }


MODULE INFORMATION:   STATIC OVERLAYABLE
   CODE SIZE        =      7    ----
   CONSTANT SIZE    =   ----    ----
   XDATA SIZE       =   ----    ----
   PDATA SIZE       =   ----    ----
   DATA SIZE        =   ----    ----
   IDATA SIZE       =   ----    ----
   BIT SIZE         =   ----    ----
END OF MODULE INFORMATION.


C51 COMPILATION COMPLETE.  0 WARNING(S),  0 ERROR(S)
