C51 COMPILER V9.03   LED                                                                   04/10/2004 18:10:09 PAGE 1   


C51 COMPILER V9.03, COMPILATION OF MODULE LED
OBJECT MODULE PLACED IN .\output\led.obj
COMPILER INVOKED BY: C:\Keil\C51\BIN\C51.EXE src\led.c BROWSE DEBUG OBJECTEXTEND PRINT(.\output\led.lst) OBJECT(.\output
                    -\led.obj)

line level    source

   1          #include<reg52.h>
   2          #include"led.h"
   3          #include"timer.h"
   4          #include"exinterrupt.h"
   5          
   6          #define LED_PWM_LIMIT_MAX 99
   7          #define LED_PWM_LIMIT_MIN 0
   8          
   9          static unsigned int LedTimeCount=0;
  10          static unsigned char LedState=0; 
  11          unsigned char LedOnTime=0;
  12          
  13          sbit LED1=P1^4;
  14          
  15          void Led1On()
  16          {
  17   1              LED1=0;
  18   1      }
  19          
  20          void Led1Off()
  21          {
  22   1              LED1=1;
  23   1      }
  24          
  25          void LedProcess(void)
  26          {
  27   1              if(LedOnTime>0)
  28   1              {
  29   2                      Led1On();
  30   2                      LedOnTime--;
  31   2              }
  32   1              else
  33   1              {
  34   2                      Led1Off();
  35   2              }
  36   1      }
  37          
  38          void LedStateChange(void)//
  39          {
  40   1              if(LedChangeStateFlag)//20ms变化一次 
  41   1              {
  42   2                      LedChangeStateFlag=0;
  43   2                      LedOnTime=11*IrKeyVal.Number;   
  44   2              }
  45   1                      
  46   1      }


MODULE INFORMATION:   STATIC OVERLAYABLE
   CODE SIZE        =     37    ----
   CONSTANT SIZE    =   ----    ----
   XDATA SIZE       =   ----    ----
   PDATA SIZE       =   ----    ----
   DATA SIZE        =      4    ----
C51 COMPILER V9.03   LED                                                                   04/10/2004 18:10:09 PAGE 2   

   IDATA SIZE       =   ----    ----
   BIT SIZE         =   ----    ----
END OF MODULE INFORMATION.


C51 COMPILATION COMPLETE.  0 WARNING(S),  0 ERROR(S)
