C51 COMPILER V9.03   PT2272                                                                03/04/2014 12:22:18 PAGE 1   


C51 COMPILER V9.03, COMPILATION OF MODULE PT2272
OBJECT MODULE PLACED IN .\output\PT2272.obj
COMPILER INVOKED BY: C:\Keil\C51\BIN\C51.EXE PT2272.c BROWSE DEBUG OBJECTEXTEND PRINT(.\output\PT2272.lst) OBJECT(.\outp
                    -ut\PT2272.obj)

line level    source

   1          #include<reg52.h>
   2          #include"pt2272.h"
   3          #include"buzzer.h"
   4          #include"delay.h"
   5          
   6          
   7          unsigned char Pt2272Scan()
   8          {
   9   1              unsigned char abcd;
  10   1              
  11   1              P3=0x00;
  12   1      
  13   1              if(!PT2272_D3)
  14   1              {
  15   2                      abcd=4; 
  16   2              }
  17   1              if(!PT2272_D2)
  18   1              {
  19   2                      abcd=3;
  20   2              }
  21   1              if(!PT2272_D1)
  22   1              {
  23   2                      abcd=2; 
  24   2              }
  25   1              if(!PT2272_D0)
  26   1              {
  27   2                      abcd=1;
  28   2              }
  29   1              return abcd;    
  30   1      }


MODULE INFORMATION:   STATIC OVERLAYABLE
   CODE SIZE        =     24    ----
   CONSTANT SIZE    =   ----    ----
   XDATA SIZE       =   ----    ----
   PDATA SIZE       =   ----    ----
   DATA SIZE        =   ----    ----
   IDATA SIZE       =   ----    ----
   BIT SIZE         =   ----    ----
END OF MODULE INFORMATION.


C51 COMPILATION COMPLETE.  0 WARNING(S),  0 ERROR(S)
