C51 COMPILER V9.00   PWM_LED                                                               07/23/2014 19:54:01 PAGE 1   


C51 COMPILER V9.00, COMPILATION OF MODULE PWM_LED
OBJECT MODULE PLACED IN .\output\PWM_LED.obj
COMPILER INVOKED BY: C:\Keil\C51\BIN\C51.EXE src\PWM_LED.c BROWSE DEBUG OBJECTEXTEND PRINT(.\output\PWM_LED.lst) OBJECT(
                    -.\output\PWM_LED.obj)

line level    source

   1          #include<reg52.h>
   2          #include"timer.h" 
   3          
   4          
   5          #define PWM_TIME_MAX 99
   6          #define PWM_TIME_MIN 0
   7          
   8          sbit LED=P1^4;
   9          
  10          unsigned char LED_TimeCounter=0;
  11          unsigned char PWM_TimeCounter=0;
  12          unsigned char TimeCounter=0;
  13          
  14          bit direction=0;
  15          
  16          void LEDON()
  17          {
  18   1              LED=0;
  19   1      }
  20          
  21          void LEDOFF()
  22          {
  23   1              LED=1;
  24   1      }
  25          
  26          void LEDisplay()
  27          {
  28   1              if(++TimeCounter>=100)
  29   1              {
  30   2                      TimeCounter=0;
  31   2                      
  32   2                      if(direction)
  33   2                      {
  34   3                              PWM_TimeCounter++;
  35   3                              if(PWM_TimeCounter>=PWM_TIME_MAX)
  36   3                              {
  37   4                                      PWM_TimeCounter=PWM_TIME_MAX;
  38   4                                      direction=0;    
  39   4                              }       
  40   3                      }
  41   2      
  42   2                      else
  43   2                      {
  44   3                              PWM_TimeCounter--;
  45   3                              if(PWM_TimeCounter<=0)
  46   3                              {
  47   4                                      PWM_TimeCounter=0;
  48   4                                      direction=1;
  49   4                              }
  50   3                      }
  51   2                      LED_TimeCounter=PWM_TimeCounter;
  52   2              }
  53   1      
  54   1              if(LED_TimeCounter>0)
C51 COMPILER V9.00   PWM_LED                                                               07/23/2014 19:54:01 PAGE 2   

  55   1              {       
  56   2                      LEDON();
  57   2                      LED_TimeCounter--;
  58   2              }
  59   1              else
  60   1              {
  61   2                      LEDOFF();
  62   2              }                       
  63   1      }                       
  64          
  65          


MODULE INFORMATION:   STATIC OVERLAYABLE
   CODE SIZE        =     70    ----
   CONSTANT SIZE    =   ----    ----
   XDATA SIZE       =   ----    ----
   PDATA SIZE       =   ----    ----
   DATA SIZE        =      3    ----
   IDATA SIZE       =   ----    ----
   BIT SIZE         =      1    ----
END OF MODULE INFORMATION.


C51 COMPILATION COMPLETE.  0 WARNING(S),  0 ERROR(S)
