C51 COMPILER V8.02   SEG                                                                   03/18/2013 15:56:45 PAGE 1   


C51 COMPILER V8.02, COMPILATION OF MODULE SEG
OBJECT MODULE PLACED IN .\output\seg.obj
COMPILER INVOKED BY: C:\Keil\C51\BIN\C51.EXE src\seg.c BROWSE DEBUG OBJECTEXTEND PRINT(.\seg.lst) OBJECT(.\output\seg.ob
                    -j)

line level    source

   1          #include<reg52.h>
   2          //#include<intrins.h>
   3          //#define NOP() _nop_()
   4          #include"MacroAndConst.h"
   5          #include"timer.h"
   6          #include"ds1302.h"
   7          
   8          #define DataPort P0
   9          sbit LedBitSel=P2^6;
  10          sbit LedSegSel=P2^7;
  11          
  12          //static uint ClockTickCount=0;
  13          //bit Time1S=0;
  14          const unsigned char code LedDisCode[11]=
  15          {
  16                  0x3f,0x06,0x5b,0x4f,0x66,
  17                  0x6d,0x7d,0x07,0x7f,0x6f,
  18                  0x40    
  19          };
  20          
  21          unsigned char LedDisBuffer[8]={0};
  22          
  23          static void SendLedSegData(uchar dat)
  24          {
  25   1              DataPort=dat;
  26   1              LedSegSel=1;
  27   1              LedSegSel=0;
  28   1      }
  29          
  30          static void SendLedBitData(uchar dat)
  31          {
  32   1              uchar temp;
  33   1              temp=~(0x01<<dat);
  34   1              DataPort=temp;
  35   1      
  36   1              LedBitSel=1;
  37   1              LedBitSel=0;
  38   1      } 
  39          
  40          void LedDisplay(uchar* pBuffer)
  41          {
  42   1              static uchar LedDisPos=0;
  43   1              if(SystemTime2ms)
  44   1              {
  45   2                      SystemTime2ms=0;
  46   2              /*      if(++ClockTickCount==500)
  47   2                      {
  48   2                              ClockTickCount = 0 ;
  49   2                              Time1S = 1 ;
  50   2                      }
  51   2              */
  52   2                      SendLedBitData(8);
  53   2                      if(pBuffer[LedDisPos]=='-')
  54   2                      {
C51 COMPILER V8.02   SEG                                                                   03/18/2013 15:56:45 PAGE 2   

  55   3                              SendLedSegData(LedDisCode[10]);
  56   3                      }
  57   2                      else
  58   2                      {
  59   3                              SendLedSegData(LedDisCode[pBuffer[LedDisPos]]);
  60   3                      }
  61   2                      SendLedBitData(LedDisPos);
  62   2      
  63   2                      if(++LedDisPos>7)
  64   2                      {
  65   3                              LedDisPos=0;
  66   3                      }
  67   2              }
  68   1      }
  69          
  70          void SetClock(uchar hour,uchar minute,uchar second)
  71          {
  72   1              LedDisBuffer[0]=hour/10;
  73   1              LedDisBuffer[1]=hour%10;
  74   1              LedDisBuffer[2]='-';
  75   1              LedDisBuffer[3]=minute/10;
  76   1              LedDisBuffer[4]=minute%10;
  77   1              LedDisBuffer[5]='-';
  78   1              LedDisBuffer[6]=second/10;
  79   1              LedDisBuffer[7]=second%10;
  80   1      }
  81          
  82          void SegShowTime()
  83          {
  84   1      /* 数码管显示时间*/
  85   1              LedDisBuffer[0]=CurrentTime.Hour>>4;
  86   1              LedDisBuffer[1]=CurrentTime.Hour&0x0f;
  87   1      
  88   1              LedDisBuffer[3]=CurrentTime.Minute>>4;
  89   1              LedDisBuffer[4]=CurrentTime.Minute&0x0f;
  90   1      
  91   1              LedDisBuffer[6]=CurrentTime.Second>>4;
  92   1              LedDisBuffer[7]=CurrentTime.Second&0x0f;
  93   1      }
  94          
  95          /*使用AT89S52系统时钟编辑显示时间*
  96          void RunClock(void)
  97          {
  98                  if(Time1S)
  99                  {
 100                          Time1S = 0 ;
 101                          if(++LedDisBuffer[7]==10)
 102                          {
 103                                  LedDisBuffer[7]=0;
 104                                  if(++LedDisBuffer[6]==6)
 105                                  {
 106                                          LedDisBuffer[6] = 0 ;
 107                                          if(++LedDisBuffer[4] == 10)
 108                                          {       
 109                                                  LedDisBuffer[4] = 0 ;
 110                                                  if(++LedDisBuffer[3] == 6)
 111                                                  {
 112                                                          LedDisBuffer[3] = 0 ;
 113                                                          if(LedDisBuffer[0]<2)
 114                                                          {
 115                                                                  if(++LedDisBuffer[1]==10)
 116                                                                  {
C51 COMPILER V8.02   SEG                                                                   03/18/2013 15:56:45 PAGE 3   

 117                                                                          LedDisBuffer[1]=0;
 118                                                                          LedDisBuffer[0]++;
 119                                                                  }
 120                                                          }
 121                                                          else
 122                                                          {
 123                                                                  if(++LedDisBuffer[1]==4)
 124                                                                  {
 125                                                                          LedDisBuffer[1] = 0 ;
 126                                                                          LedDisBuffer[0] = 0 ;
 127                                                                  }
 128                                                          }
 129                                                  }
 130                                          }
 131                                  }
 132                          }
 133                  }
 134          }
 135          */


MODULE INFORMATION:   STATIC OVERLAYABLE
   CODE SIZE        =    188    ----
   CONSTANT SIZE    =     11    ----
   XDATA SIZE       =   ----    ----
   PDATA SIZE       =   ----    ----
   DATA SIZE        =      9       3
   IDATA SIZE       =   ----    ----
   BIT SIZE         =   ----    ----
END OF MODULE INFORMATION.


C51 COMPILATION COMPLETE.  0 WARNING(S),  0 ERROR(S)
