C51 COMPILER V8.02   TIMER                                                                 05/10/2013 16:00:17 PAGE 1   


C51 COMPILER V8.02, COMPILATION OF MODULE TIMER
OBJECT MODULE PLACED IN .\output\timer.obj
COMPILER INVOKED BY: C:\Keil\C51\BIN\C51.EXE src\timer.c BROWSE DEBUG OBJECTEXTEND PRINT(.\timer.lst) OBJECT(.\output\ti
                    -mer.obj)

line level    source

   1          #include<reg52.h>
   2          #include"TIMER.h"
   3          
   4          unsigned int T0_SystemTime2ms;
   5          
   6          void Timer0Init()
   7          {
   8   1              TMOD&=0xf0;
   9   1              TMOD|=0x01;
  10   1              TH0=(65536-2000)/256;
  11   1              TL0=(65536-2000)%256;
  12   1              TR0=1;
  13   1              ET0=1;
  14   1      }
  15          
  16          void Timer0(void) interrupt 1
  17          {
  18   1              TH0=(65536-2000)/256;
  19   1              TL0=(65536-2000)%256;
  20   1              T0_SystemTime2ms++;     
  21   1      }
  22          
  23          
  24          


MODULE INFORMATION:   STATIC OVERLAYABLE
   CODE SIZE        =     36    ----
   CONSTANT SIZE    =   ----    ----
   XDATA SIZE       =   ----    ----
   PDATA SIZE       =   ----    ----
   DATA SIZE        =      2    ----
   IDATA SIZE       =   ----    ----
   BIT SIZE         =   ----    ----
END OF MODULE INFORMATION.


C51 COMPILATION COMPLETE.  0 WARNING(S),  0 ERROR(S)
